<?xml version="1.0" encoding="UTF-8"?>
<testsuite xmlns:xsi="http://www.w3.org/2001/XMLSchema-instance" xsi:schemaLocation="https://maven.apache.org/surefire/maven-surefire-plugin/xsd/surefire-test-report.xsd" name="MULE_EE.4.9.0.stock-ImplementationFlow-test-suite" time="0.079" failures="0" errors="0" skipped="0" tests="1">
  <properties>
[...]
</properties>
  <testcase time="0.077" name="stock-ImplementationFlow-test-suite-post:\v1\stock:application\json:poc-eapi-products-configTest" classname="MULE_EE.4.9.0.stock-ImplementationFlow-test-suite"/>
</testsuite>